<?xml version="1.0" encoding="UTF-8" ?>
<testsuite tests="125" failures="0" name="C04.C04_ISO2_ET02.AppTest" time="0.06" errors="0" skipped="0">
  <properties>
[...]
</properties>
  <testcase classname="C04.C04_ISO2_ET02.AppTest" name="testExcepcionNoSuma180" time="0.028"/>
  <testcase classname="C04.C04_ISO2_ET02.AppTest" name="testC10" time="0"/>
  <testcase classname="C04.C04_ISO2_ET02.AppTest" name="testC11" time="0"/>
  <testcase classname="C04.C04_ISO2_ET02.AppTest" name="testC12" time="0"/>
  <testcase classname="C04.C04_ISO2_ET02.AppTest" name="testC13" time="0"/>
  <testcase classname="C04.C04_ISO2_ET02.AppTest" name="testEU1" time="0"/>
  <testcase classname="C04.C04_ISO2_ET02.AppTest" name="testEU2" time="0"/>
  <testcase classname="C04.C04_ISO2_ET02.AppTest" name="testEU3" time="0.001"/>
  <testcase classname="C04.C04_ISO2_ET02.AppTest" name="testEU4" time="0"/>
  <testcase classname="C04.C04_ISO2_ET02.AppTest" name="testEU5" time="0"/>
  <testcase classname="C04.C04_ISO2_ET02.AppTest" name="testEU6" time="0.001"/>
  <testcase classname="C04.C04_ISO2_ET02.AppTest" name="testEU7" time="0"/>
  <testcase classname="C04.C04_ISO2_ET02.AppTest" name="testEU8" time="0"/>
  <testcase classname="C04.C04_ISO2_ET02.AppTest" name="testEU9" time="0.001"/>
  <testcase classname="C04.C04_ISO2_ET02.AppTest" name="testP10" time="0"/>
  <testcase classname="C04.C04_ISO2_ET02.AppTest" name="testP11" time="0.001"/>
  <testcase classname="C04.C04_ISO2_ET02.AppTest" name="testP12" time="0"/>
  <testcase classname="C04.C04_ISO2_ET02.AppTest" name="testP13" time="0"/>
  <testcase classname="C04.C04_ISO2_ET02.AppTest" name="testP14" time="0.001"/>
  <testcase classname="C04.C04_ISO2_ET02.AppTest" name="testP15" time="0"/>
  <testcase classname="C04.C04_ISO2_ET02.AppTest" name="testP16" time="0.001"/>
  <testcase classname="C04.C04_ISO2_ET02.AppTest" name="testP17" time="0"/>
  <testcase classname="C04.C04_ISO2_ET02.AppTest" name="testP18" time="0.001"/>
  <testcase classname="C04.C04_ISO2_ET02.AppTest" name="testP19" time="0"/>
  <testcase classname="C04.C04_ISO2_ET02.AppTest" name="testP20" time="0"/>
  <testcase classname="C04.C04_ISO2_ET02.AppTest" name="testP21" time="0.001"/>
  <testcase classname="C04.C04_ISO2_ET02.AppTest" name="testP22" time="0"/>
  <testcase classname="C04.C04_ISO2_ET02.AppTest" name="testP23" time="0"/>
  <testcase classname="C04.C04_ISO2_ET02.AppTest" name="testP24" time="0"/>
  <testcase classname="C04.C04_ISO2_ET02.AppTest" name="testP25" time="0"/>
  <testcase classname="C04.C04_ISO2_ET02.AppTest" name="testP26" time="0"/>
  <testcase classname="C04.C04_ISO2_ET02.AppTest" name="testP27" time="0"/>
  <testcase classname="C04.C04_ISO2_ET02.AppTest" name="testP28" time="0"/>
  <testcase classname="C04.C04_ISO2_ET02.AppTest" name="testP29" time="0"/>
  <testcase classname="C04.C04_ISO2_ET02.AppTest" name="testP30" time="0"/>
  <testcase classname="C04.C04_ISO2_ET02.AppTest" name="testP31" time="0"/>
  <testcase classname="C04.C04_ISO2_ET02.AppTest" name="testP32" time="0.001"/>
  <testcase classname="C04.C04_ISO2_ET02.AppTest" name="testP33" time="0"/>
  <testcase classname="C04.C04_ISO2_ET02.AppTest" name="testP34" time="0"/>
  <testcase classname="C04.C04_ISO2_ET02.AppTest" name="testP35" time="0"/>
  <testcase classname="C04.C04_ISO2_ET02.AppTest" name="testP36" time="0"/>
  <testcase classname="C04.C04_ISO2_ET02.AppTest" name="testP37" time="0"/>
  <testcase classname="C04.C04_ISO2_ET02.AppTest" name="testP38" time="0.001"/>
  <testcase classname="C04.C04_ISO2_ET02.AppTest" name="testP39" time="0"/>
  <testcase classname="C04.C04_ISO2_ET02.AppTest" name="testP40" time="0"/>
  <testcase classname="C04.C04_ISO2_ET02.AppTest" name="testP41" time="0"/>
  <testcase classname="C04.C04_ISO2_ET02.AppTest" name="testP42" time="0.001"/>
  <testcase classname="C04.C04_ISO2_ET02.AppTest" name="testP43" time="0"/>
  <testcase classname="C04.C04_ISO2_ET02.AppTest" name="testP44" time="0"/>
  <testcase classname="C04.C04_ISO2_ET02.AppTest" name="testP45" time="0"/>
  <testcase classname="C04.C04_ISO2_ET02.AppTest" name="testP46" time="0"/>
  <testcase classname="C04.C04_ISO2_ET02.AppTest" name="testP47" time="0"/>
  <testcase classname="C04.C04_ISO2_ET02.AppTest" name="testP48" time="0.001"/>
  <testcase classname="C04.C04_ISO2_ET02.AppTest" name="testP49" time="0"/>
  <testcase classname="C04.C04_ISO2_ET02.AppTest" name="testP50" time="0"/>
  <testcase classname="C04.C04_ISO2_ET02.AppTest" name="testP51" time="0.001"/>
  <testcase classname="C04.C04_ISO2_ET02.AppTest" name="testP52" time="0"/>
  <testcase classname="C04.C04_ISO2_ET02.AppTest" name="testP53" time="0"/>
  <testcase classname="C04.C04_ISO2_ET02.AppTest" name="testP54" time="0"/>
  <testcase classname="C04.C04_ISO2_ET02.AppTest" name="testP55" time="0"/>
  <testcase classname="C04.C04_ISO2_ET02.AppTest" name="testP56" time="0"/>
  <testcase classname="C04.C04_ISO2_ET02.AppTest" name="testP57" time="0.001"/>
  <testcase classname="C04.C04_ISO2_ET02.AppTest" name="testP58" time="0.006"/>
  <testcase classname="C04.C04_ISO2_ET02.AppTest" name="testP59" time="0"/>
  <testcase classname="C04.C04_ISO2_ET02.AppTest" name="testP60" time="0"/>
  <testcase classname="C04.C04_ISO2_ET02.AppTest" name="testP61" time="0"/>
  <testcase classname="C04.C04_ISO2_ET02.AppTest" name="testP62" time="0.001"/>
  <testcase classname="C04.C04_ISO2_ET02.AppTest" name="testP63" time="0"/>
  <testcase classname="C04.C04_ISO2_ET02.AppTest" name="testP64" time="0"/>
  <testcase classname="C04.C04_ISO2_ET02.AppTest" name="testP65" time="0.001"/>
  <testcase classname="C04.C04_ISO2_ET02.AppTest" name="testP66" time="0"/>
  <testcase classname="C04.C04_ISO2_ET02.AppTest" name="testP67" time="0"/>
  <testcase classname="C04.C04_ISO2_ET02.AppTest" name="testP68" time="0.001"/>
  <testcase classname="C04.C04_ISO2_ET02.AppTest" name="testP69" time="0"/>
  <testcase classname="C04.C04_ISO2_ET02.AppTest" name="testP70" time="0"/>
  <testcase classname="C04.C04_ISO2_ET02.AppTest" name="testP71" time="0.001"/>
  <testcase classname="C04.C04_ISO2_ET02.AppTest" name="testP72" time="0"/>
  <testcase classname="C04.C04_ISO2_ET02.AppTest" name="testP73" time="0"/>
  <testcase classname="C04.C04_ISO2_ET02.AppTest" name="testP74" time="0"/>
  <testcase classname="C04.C04_ISO2_ET02.AppTest" name="testP75" time="0.001"/>
  <testcase classname="C04.C04_ISO2_ET02.AppTest" name="testP76" time="0"/>
  <testcase classname="C04.C04_ISO2_ET02.AppTest" name="testP77" time="0"/>
  <testcase classname="C04.C04_ISO2_ET02.AppTest" name="testP78" time="0"/>
  <testcase classname="C04.C04_ISO2_ET02.AppTest" name="testP79" time="0"/>
  <testcase classname="C04.C04_ISO2_ET02.AppTest" name="testP80" time="0.001"/>
  <testcase classname="C04.C04_ISO2_ET02.AppTest" name="testP81" time="0"/>
  <testcase classname="C04.C04_ISO2_ET02.AppTest" name="testP82" time="0"/>
  <testcase classname="C04.C04_ISO2_ET02.AppTest" name="testP83" time="0"/>
  <testcase classname="C04.C04_ISO2_ET02.AppTest" name="testP84" time="0"/>
  <testcase classname="C04.C04_ISO2_ET02.AppTest" name="testP85" time="0.001"/>
  <testcase classname="C04.C04_ISO2_ET02.AppTest" name="testP86" time="0"/>
  <testcase classname="C04.C04_ISO2_ET02.AppTest" name="testP87" time="0"/>
  <testcase classname="C04.C04_ISO2_ET02.AppTest" name="testP88" time="0"/>
  <testcase classname="C04.C04_ISO2_ET02.AppTest" name="testP89" time="0"/>
  <testcase classname="C04.C04_ISO2_ET02.AppTest" name="testP90" time="0"/>
  <testcase classname="C04.C04_ISO2_ET02.AppTest" name="testP91" time="0.001"/>
  <testcase classname="C04.C04_ISO2_ET02.AppTest" name="testP92" time="0"/>
  <testcase classname="C04.C04_ISO2_ET02.AppTest" name="testP93" time="0"/>
  <testcase classname="C04.C04_ISO2_ET02.AppTest" name="testP94" time="0"/>
  <testcase classname="C04.C04_ISO2_ET02.AppTest" name="testP95" time="0"/>
  <testcase classname="C04.C04_ISO2_ET02.AppTest" name="testP96" time="0"/>
  <testcase classname="C04.C04_ISO2_ET02.AppTest" name="testP97" time="0"/>
  <testcase classname="C04.C04_ISO2_ET02.AppTest" name="testP98" time="0"/>
  <testcase classname="C04.C04_ISO2_ET02.AppTest" name="testP99" time="0.001"/>
  <testcase classname="C04.C04_ISO2_ET02.AppTest" name="testEU10" time="0"/>
  <testcase classname="C04.C04_ISO2_ET02.AppTest" name="testP100" time="0"/>
  <testcase classname="C04.C04_ISO2_ET02.AppTest" name="testC4" time="0"/>
  <testcase classname="C04.C04_ISO2_ET02.AppTest" name="testC8" time="0"/>
  <testcase classname="C04.C04_ISO2_ET02.AppTest" name="testC9" time="0"/>
  <testcase classname="C04.C04_ISO2_ET02.AppTest" name="testP1" time="0.001"/>
  <testcase classname="C04.C04_ISO2_ET02.AppTest" name="testP2" time="0"/>
  <testcase classname="C04.C04_ISO2_ET02.AppTest" name="testP3" time="0"/>
  <testcase classname="C04.C04_ISO2_ET02.AppTest" name="testP4" time="0.001"/>
  <testcase classname="C04.C04_ISO2_ET02.AppTest" name="testP5" time="0"/>
  <testcase classname="C04.C04_ISO2_ET02.AppTest" name="testP6" time="0"/>
  <testcase classname="C04.C04_ISO2_ET02.AppTest" name="testP7" time="0.001"/>
  <testcase classname="C04.C04_ISO2_ET02.AppTest" name="testP8" time="0"/>
  <testcase classname="C04.C04_ISO2_ET02.AppTest" name="testP9" time="0"/>
  <testcase classname="C04.C04_ISO2_ET02.AppTest" name="testC2AnguloInvalido" time="0"/>
  <testcase classname="C04.C04_ISO2_ET02.AppTest" name="testC1LadoInvalido" time="0"/>
  <testcase classname="C04.C04_ISO2_ET02.AppTest" name="testC5AcutanguloEquilatero" time="0"/>
  <testcase classname="C04.C04_ISO2_ET02.AppTest" name="testExcepcionAmbosNegativos" time="0"/>
  <testcase classname="C04.C04_ISO2_ET02.AppTest" name="testC3SumaAnguloInvalida" time="0"/>
  <testcase classname="C04.C04_ISO2_ET02.AppTest" name="testC7ObtusanguloEscaleno" time="0"/>
  <testcase classname="C04.C04_ISO2_ET02.AppTest" name="testC6RectoIsosceles" time="0"/>
</testsuite>