<?xml version="1.0" encoding="UTF-8"?>
<testsuite xmlns:xsi="http://www.w3.org/2001/XMLSchema-instance" xsi:noNamespaceSchemaLocation="https://maven.apache.org/surefire/maven-surefire-plugin/xsd/surefire-test-report.xsd" name="C04.C04_ISO2_ET02.AppTest" time="0.154" tests="125" errors="0" skipped="0" failures="0">
  <properties>
[...]
</properties>
  <testcase name="testExcepcionNoSuma180" classname="C04.C04_ISO2_ET02.AppTest" time="0.037"/>
  <testcase name="testC10" classname="C04.C04_ISO2_ET02.AppTest" time="0"/>
  <testcase name="testC11" classname="C04.C04_ISO2_ET02.AppTest" time="0"/>
  <testcase name="testC12" classname="C04.C04_ISO2_ET02.AppTest" time="0"/>
  <testcase name="testC13" classname="C04.C04_ISO2_ET02.AppTest" time="0"/>
  <testcase name="testEU1" classname="C04.C04_ISO2_ET02.AppTest" time="0.001"/>
  <testcase name="testEU2" classname="C04.C04_ISO2_ET02.AppTest" time="0"/>
  <testcase name="testEU3" classname="C04.C04_ISO2_ET02.AppTest" time="0.001"/>
  <testcase name="testEU4" classname="C04.C04_ISO2_ET02.AppTest" time="0"/>
  <testcase name="testEU5" classname="C04.C04_ISO2_ET02.AppTest" time="0"/>
  <testcase name="testEU6" classname="C04.C04_ISO2_ET02.AppTest" time="0"/>
  <testcase name="testEU7" classname="C04.C04_ISO2_ET02.AppTest" time="0.001"/>
  <testcase name="testEU8" classname="C04.C04_ISO2_ET02.AppTest" time="0"/>
  <testcase name="testEU9" classname="C04.C04_ISO2_ET02.AppTest" time="0"/>
  <testcase name="testP10" classname="C04.C04_ISO2_ET02.AppTest" time="0"/>
  <testcase name="testP11" classname="C04.C04_ISO2_ET02.AppTest" time="0"/>
  <testcase name="testP12" classname="C04.C04_ISO2_ET02.AppTest" time="0"/>
  <testcase name="testP13" classname="C04.C04_ISO2_ET02.AppTest" time="0.001"/>
  <testcase name="testP14" classname="C04.C04_ISO2_ET02.AppTest" time="0"/>
  <testcase name="testP15" classname="C04.C04_ISO2_ET02.AppTest" time="0"/>
  <testcase name="testP16" classname="C04.C04_ISO2_ET02.AppTest" time="0.001"/>
  <testcase name="testP17" classname="C04.C04_ISO2_ET02.AppTest" time="0"/>
  <testcase name="testP18" classname="C04.C04_ISO2_ET02.AppTest" time="0"/>
  <testcase name="testP19" classname="C04.C04_ISO2_ET02.AppTest" time="0.001"/>
  <testcase name="testP20" classname="C04.C04_ISO2_ET02.AppTest" time="0"/>
  <testcase name="testP21" classname="C04.C04_ISO2_ET02.AppTest" time="0"/>
  <testcase name="testP22" classname="C04.C04_ISO2_ET02.AppTest" time="0"/>
  <testcase name="testP23" classname="C04.C04_ISO2_ET02.AppTest" time="0"/>
  <testcase name="testP24" classname="C04.C04_ISO2_ET02.AppTest" time="0.001"/>
  <testcase name="testP25" classname="C04.C04_ISO2_ET02.AppTest" time="0"/>
  <testcase name="testP26" classname="C04.C04_ISO2_ET02.AppTest" time="0"/>
  <testcase name="testP27" classname="C04.C04_ISO2_ET02.AppTest" time="0.001"/>
  <testcase name="testP28" classname="C04.C04_ISO2_ET02.AppTest" time="0"/>
  <testcase name="testP29" classname="C04.C04_ISO2_ET02.AppTest" time="0"/>
  <testcase name="testP30" classname="C04.C04_ISO2_ET02.AppTest" time="0"/>
  <testcase name="testP31" classname="C04.C04_ISO2_ET02.AppTest" time="0.001"/>
  <testcase name="testP32" classname="C04.C04_ISO2_ET02.AppTest" time="0"/>
  <testcase name="testP33" classname="C04.C04_ISO2_ET02.AppTest" time="0"/>
  <testcase name="testP34" classname="C04.C04_ISO2_ET02.AppTest" time="0"/>
  <testcase name="testP35" classname="C04.C04_ISO2_ET02.AppTest" time="0.001"/>
  <testcase name="testP36" classname="C04.C04_ISO2_ET02.AppTest" time="0"/>
  <testcase name="testP37" classname="C04.C04_ISO2_ET02.AppTest" time="0"/>
  <testcase name="testP38" classname="C04.C04_ISO2_ET02.AppTest" time="0"/>
  <testcase name="testP39" classname="C04.C04_ISO2_ET02.AppTest" time="0.001"/>
  <testcase name="testP40" classname="C04.C04_ISO2_ET02.AppTest" time="0"/>
  <testcase name="testP41" classname="C04.C04_ISO2_ET02.AppTest" time="0"/>
  <testcase name="testP42" classname="C04.C04_ISO2_ET02.AppTest" time="0"/>
  <testcase name="testP43" classname="C04.C04_ISO2_ET02.AppTest" time="0"/>
  <testcase name="testP44" classname="C04.C04_ISO2_ET02.AppTest" time="0.001"/>
  <testcase name="testP45" classname="C04.C04_ISO2_ET02.AppTest" time="0"/>
  <testcase name="testP46" classname="C04.C04_ISO2_ET02.AppTest" time="0"/>
  <testcase name="testP47" classname="C04.C04_ISO2_ET02.AppTest" time="0.001"/>
  <testcase name="testP48" classname="C04.C04_ISO2_ET02.AppTest" time="0"/>
  <testcase name="testP49" classname="C04.C04_ISO2_ET02.AppTest" time="0"/>
  <testcase name="testP50" classname="C04.C04_ISO2_ET02.AppTest" time="0"/>
  <testcase name="testP51" classname="C04.C04_ISO2_ET02.AppTest" time="0"/>
  <testcase name="testP52" classname="C04.C04_ISO2_ET02.AppTest" time="0"/>
  <testcase name="testP53" classname="C04.C04_ISO2_ET02.AppTest" time="0"/>
  <testcase name="testP54" classname="C04.C04_ISO2_ET02.AppTest" time="0"/>
  <testcase name="testP55" classname="C04.C04_ISO2_ET02.AppTest" time="0"/>
  <testcase name="testP56" classname="C04.C04_ISO2_ET02.AppTest" time="0"/>
  <testcase name="testP57" classname="C04.C04_ISO2_ET02.AppTest" time="0.001"/>
  <testcase name="testP58" classname="C04.C04_ISO2_ET02.AppTest" time="0"/>
  <testcase name="testP59" classname="C04.C04_ISO2_ET02.AppTest" time="0.001"/>
  <testcase name="testP60" classname="C04.C04_ISO2_ET02.AppTest" time="0"/>
  <testcase name="testP61" classname="C04.C04_ISO2_ET02.AppTest" time="0.001"/>
  <testcase name="testP62" classname="C04.C04_ISO2_ET02.AppTest" time="0"/>
  <testcase name="testP63" classname="C04.C04_ISO2_ET02.AppTest" time="0"/>
  <testcase name="testP64" classname="C04.C04_ISO2_ET02.AppTest" time="0"/>
  <testcase name="testP65" classname="C04.C04_ISO2_ET02.AppTest" time="0"/>
  <testcase name="testP66" classname="C04.C04_ISO2_ET02.AppTest" time="0"/>
  <testcase name="testP67" classname="C04.C04_ISO2_ET02.AppTest" time="0.001"/>
  <testcase name="testP68" classname="C04.C04_ISO2_ET02.AppTest" time="0"/>
  <testcase name="testP69" classname="C04.C04_ISO2_ET02.AppTest" time="0"/>
  <testcase name="testP70" classname="C04.C04_ISO2_ET02.AppTest" time="0"/>
  <testcase name="testP71" classname="C04.C04_ISO2_ET02.AppTest" time="0"/>
  <testcase name="testP72" classname="C04.C04_ISO2_ET02.AppTest" time="0"/>
  <testcase name="testP73" classname="C04.C04_ISO2_ET02.AppTest" time="0"/>
  <testcase name="testP74" classname="C04.C04_ISO2_ET02.AppTest" time="0"/>
  <testcase name="testP75" classname="C04.C04_ISO2_ET02.AppTest" time="0.001"/>
  <testcase name="testP76" classname="C04.C04_ISO2_ET02.AppTest" time="0"/>
  <testcase name="testP77" classname="C04.C04_ISO2_ET02.AppTest" time="0"/>
  <testcase name="testP78" classname="C04.C04_ISO2_ET02.AppTest" time="0.001"/>
  <testcase name="testP79" classname="C04.C04_ISO2_ET02.AppTest" time="0"/>
  <testcase name="testP80" classname="C04.C04_ISO2_ET02.AppTest" time="0"/>
  <testcase name="testP81" classname="C04.C04_ISO2_ET02.AppTest" time="0.001"/>
  <testcase name="testP82" classname="C04.C04_ISO2_ET02.AppTest" time="0"/>
  <testcase name="testP83" classname="C04.C04_ISO2_ET02.AppTest" time="0"/>
  <testcase name="testP84" classname="C04.C04_ISO2_ET02.AppTest" time="0"/>
  <testcase name="testP85" classname="C04.C04_ISO2_ET02.AppTest" time="0.001"/>
  <testcase name="testP86" classname="C04.C04_ISO2_ET02.AppTest" time="0"/>
  <testcase name="testP87" classname="C04.C04_ISO2_ET02.AppTest" time="0"/>
  <testcase name="testP88" classname="C04.C04_ISO2_ET02.AppTest" time="0"/>
  <testcase name="testP89" classname="C04.C04_ISO2_ET02.AppTest" time="0"/>
  <testcase name="testP90" classname="C04.C04_ISO2_ET02.AppTest" time="0.001"/>
  <testcase name="testP91" classname="C04.C04_ISO2_ET02.AppTest" time="0"/>
  <testcase name="testP92" classname="C04.C04_ISO2_ET02.AppTest" time="0"/>
  <testcase name="testP93" classname="C04.C04_ISO2_ET02.AppTest" time="0.001"/>
  <testcase name="testP94" classname="C04.C04_ISO2_ET02.AppTest" time="0"/>
  <testcase name="testP95" classname="C04.C04_ISO2_ET02.AppTest" time="0.001"/>
  <testcase name="testP96" classname="C04.C04_ISO2_ET02.AppTest" time="0"/>
  <testcase name="testP97" classname="C04.C04_ISO2_ET02.AppTest" time="0.001"/>
  <testcase name="testP98" classname="C04.C04_ISO2_ET02.AppTest" time="0"/>
  <testcase name="testP99" classname="C04.C04_ISO2_ET02.AppTest" time="0"/>
  <testcase name="testEU10" classname="C04.C04_ISO2_ET02.AppTest" time="0.001"/>
  <testcase name="testP100" classname="C04.C04_ISO2_ET02.AppTest" time="0"/>
  <testcase name="testC4" classname="C04.C04_ISO2_ET02.AppTest" time="0"/>
  <testcase name="testC8" classname="C04.C04_ISO2_ET02.AppTest" time="0"/>
  <testcase name="testC9" classname="C04.C04_ISO2_ET02.AppTest" time="0"/>
  <testcase name="testP1" classname="C04.C04_ISO2_ET02.AppTest" time="0"/>
  <testcase name="testP2" classname="C04.C04_ISO2_ET02.AppTest" time="0"/>
  <testcase name="testP3" classname="C04.C04_ISO2_ET02.AppTest" time="0"/>
  <testcase name="testP4" classname="C04.C04_ISO2_ET02.AppTest" time="0.001"/>
  <testcase name="testP5" classname="C04.C04_ISO2_ET02.AppTest" time="0.009"/>
  <testcase name="testP6" classname="C04.C04_ISO2_ET02.AppTest" time="0"/>
  <testcase name="testP7" classname="C04.C04_ISO2_ET02.AppTest" time="0"/>
  <testcase name="testP8" classname="C04.C04_ISO2_ET02.AppTest" time="0"/>
  <testcase name="testP9" classname="C04.C04_ISO2_ET02.AppTest" time="0"/>
  <testcase name="testC2AnguloInvalido" classname="C04.C04_ISO2_ET02.AppTest" time="0"/>
  <testcase name="testC1LadoInvalido" classname="C04.C04_ISO2_ET02.AppTest" time="0"/>
  <testcase name="testC5AcutanguloEquilatero" classname="C04.C04_ISO2_ET02.AppTest" time="0"/>
  <testcase name="testExcepcionAmbosNegativos" classname="C04.C04_ISO2_ET02.AppTest" time="0"/>
  <testcase name="testC3SumaAnguloInvalida" classname="C04.C04_ISO2_ET02.AppTest" time="0"/>
  <testcase name="testC7ObtusanguloEscaleno" classname="C04.C04_ISO2_ET02.AppTest" time="0"/>
  <testcase name="testC6RectoIsosceles" classname="C04.C04_ISO2_ET02.AppTest" time="0"/>
</testsuite>